0 info it worked if it ends with ok
1 verbose cli [ '/Users/KLE-Talha/.nvm/v0.10.38/bin/node',
1 verbose cli   '/Users/KLE-Talha/.nvm/v0.10.38/bin/npm',
1 verbose cli   'publish' ]
2 info using npm@1.4.28
3 info using node@v0.10.38
4 verbose publish [ '.' ]
5 verbose cache add [ '.', null ]
6 verbose cache add name=undefined spec="." args=[".",null]
7 verbose parsed url { protocol: null,
7 verbose parsed url   slashes: null,
7 verbose parsed url   auth: null,
7 verbose parsed url   host: null,
7 verbose parsed url   port: null,
7 verbose parsed url   hostname: null,
7 verbose parsed url   hash: null,
7 verbose parsed url   search: null,
7 verbose parsed url   query: null,
7 verbose parsed url   pathname: '.',
7 verbose parsed url   path: '.',
7 verbose parsed url   href: '.' }
8 silly lockFile 3a52ce78- .
9 verbose lock . /Users/KLE-Talha/.npm/3a52ce78-.lock
10 verbose tar pack [ '/Users/KLE-Talha/.npm/lz4-clib/0.0.5/package.tgz', '.' ]
11 verbose tarball /Users/KLE-Talha/.npm/lz4-clib/0.0.5/package.tgz
12 verbose folder .
13 info prepublish lz4-clib@0.0.5
14 silly lockFile 1f1177db-tar tar://.
15 verbose lock tar://. /Users/KLE-Talha/.npm/1f1177db-tar.lock
16 silly lockFile 2b456737-a-npm-lz4-clib-0-0-5-package-tgz tar:///Users/KLE-Talha/.npm/lz4-clib/0.0.5/package.tgz
17 verbose lock tar:///Users/KLE-Talha/.npm/lz4-clib/0.0.5/package.tgz /Users/KLE-Talha/.npm/2b456737-a-npm-lz4-clib-0-0-5-package-tgz.lock
18 silly lockFile 1f1177db-tar tar://.
19 silly lockFile 1f1177db-tar tar://.
20 silly lockFile 2b456737-a-npm-lz4-clib-0-0-5-package-tgz tar:///Users/KLE-Talha/.npm/lz4-clib/0.0.5/package.tgz
21 silly lockFile 2b456737-a-npm-lz4-clib-0-0-5-package-tgz tar:///Users/KLE-Talha/.npm/lz4-clib/0.0.5/package.tgz
22 silly lockFile 1c915578-Talha-npm-lz4-clib-0-0-5-package /Users/KLE-Talha/.npm/lz4-clib/0.0.5/package
23 verbose lock /Users/KLE-Talha/.npm/lz4-clib/0.0.5/package /Users/KLE-Talha/.npm/1c915578-Talha-npm-lz4-clib-0-0-5-package.lock
24 silly lockFile 1c915578-Talha-npm-lz4-clib-0-0-5-package /Users/KLE-Talha/.npm/lz4-clib/0.0.5/package
25 silly lockFile 1c915578-Talha-npm-lz4-clib-0-0-5-package /Users/KLE-Talha/.npm/lz4-clib/0.0.5/package
26 silly lockFile 3a52ce78- .
27 silly lockFile 3a52ce78- .
28 silly publish { name: 'lz4-clib',
28 silly publish   version: '0.0.5',
28 silly publish   description: 'LZ4-CLib',
28 silly publish   main: 'index.js',
28 silly publish   scripts: { install: 'node-gyp rebuild' },
28 silly publish   gypfile: true,
28 silly publish   dependencies: { bindings: '~1.2.1' },
28 silly publish   keywords: [ 'LZ4', 'compression', 'binding' ],
28 silly publish   _id: 'lz4-clib@0.0.5',
28 silly publish   _shasum: '85909dea5a37c4fe8c5955e5e8e2050718f821df',
28 silly publish   _from: '.',
28 silly publish   _npmVersion: '2.1.3',
28 silly publish   _nodeVersion: '0.10.33',
28 silly publish   _npmUser: { name: 'talhaakkas', email: 'talhaakkas@gmail.com' },
28 silly publish   dist:
28 silly publish    { shasum: '5e4c28fde67f1ee76bc8661e546b296d735eaeb4',
28 silly publish      tarball: 'http://registry.npmjs.org/lz4-clib/-/lz4-clib-0.0.2.tgz' },
28 silly publish   maintainers: [ { name: 'talhaakkas', email: 'talhaakkas@gmail.com' } ],
28 silly publish   directories: {},
28 silly publish   _resolved: 'https://registry.npmjs.org/lz4-clib/-/lz4-clib-0.0.2.tgz',
28 silly publish   readme: 'ERROR: No README data found!' }
29 verbose request where is /lz4-clib
30 verbose request registry https://registry.npmjs.org/
31 verbose request id 408bb1673d2c32d4
32 verbose url raw /lz4-clib
33 verbose url resolving [ 'https://registry.npmjs.org/', './lz4-clib' ]
34 verbose url resolved https://registry.npmjs.org/lz4-clib
35 verbose request where is https://registry.npmjs.org/lz4-clib
36 info trying registry request attempt 1 at 15:40:11
37 http PUT https://registry.npmjs.org/lz4-clib
38 http 403 https://registry.npmjs.org/lz4-clib
39 verbose headers { 'content-type': 'application/json',
39 verbose headers   'cache-control': 'max-age=60',
39 verbose headers   'content-length': '95',
39 verbose headers   'accept-ranges': 'bytes',
39 verbose headers   date: 'Fri, 16 Oct 2015 12:40:17 GMT',
39 verbose headers   via: '1.1 varnish',
39 verbose headers   connection: 'keep-alive',
39 verbose headers   'x-served-by': 'cache-fra1229-FRA',
39 verbose headers   'x-cache': 'MISS',
39 verbose headers   'x-cache-hits': '0',
39 verbose headers   'x-timer': 'S1444999212.730763,VS0,VE4899' }
40 error publish Failed PUT 403
41 error Error: "You cannot publish over the previously published version 0.0.5." : lz4-clib
41 error     at RegClient.<anonymous> (/Users/KLE-Talha/.nvm/v0.10.38/lib/node_modules/npm/node_modules/npm-registry-client/lib/request.js:308:14)
41 error     at Request._callback (/Users/KLE-Talha/.nvm/v0.10.38/lib/node_modules/npm/node_modules/npm-registry-client/lib/request.js:246:65)
41 error     at Request.self.callback (/Users/KLE-Talha/.nvm/v0.10.38/lib/node_modules/npm/node_modules/request/request.js:236:22)
41 error     at Request.emit (events.js:98:17)
41 error     at Request.<anonymous> (/Users/KLE-Talha/.nvm/v0.10.38/lib/node_modules/npm/node_modules/request/request.js:1142:14)
41 error     at Request.emit (events.js:117:20)
41 error     at IncomingMessage.<anonymous> (/Users/KLE-Talha/.nvm/v0.10.38/lib/node_modules/npm/node_modules/request/request.js:1096:12)
41 error     at IncomingMessage.emit (events.js:117:20)
41 error     at _stream_readable.js:944:16
41 error     at process._tickCallback (node.js:448:13)
42 error If you need help, you may report this *entire* log,
42 error including the npm and node versions, at:
42 error     <http://github.com/npm/npm/issues>
43 error System Darwin 15.0.0
44 error command "/Users/KLE-Talha/.nvm/v0.10.38/bin/node" "/Users/KLE-Talha/.nvm/v0.10.38/bin/npm" "publish"
45 error cwd /Users/KLE-Talha/LZ4-CLib
46 error node -v v0.10.38
47 error npm -v 1.4.28
48 verbose exit [ 1, true ]
